-------------------------------------------------------------------------------
>Log Session: Monday, December 18, 2023 at 12:35:45 PM India Standard Time
>System Info: 
  Product Version         = Apache NetBeans IDE 20
  Operating System        = Windows 10 version 10.0 running on amd64
  Java; VM; Vendor        = 17.0.9; Java HotSpot(TM) 64-Bit Server VM 17.0.9+11-LTS-201; Oracle Corporation
  Runtime                 = Java(TM) SE Runtime Environment 17.0.9+11-LTS-201
  Java Home               = C:\Program Files\Java\jdk-17
  System Locale; Encoding = en_US (nb); Cp1252
  Home Directory          = C:\Users\c23
  Current Directory       = D:\Student\shubham\java\NetBeans-20
  User Directory          = C:\Users\c23\AppData\Local\Temp\tmpnb
  Cache Directory         = C:\Users\c23\AppData\Local\Temp\tmpnb\var\cache
  Installation            = D:\Student\shubham\java\NetBeans-20\netbeans\nb
                            D:\Student\shubham\java\NetBeans-20\netbeans\ergonomics
                            D:\Student\shubham\java\NetBeans-20\netbeans\ide
                            D:\Student\shubham\java\NetBeans-20\netbeans\extide
                            D:\Student\shubham\java\NetBeans-20\netbeans\java
                            D:\Student\shubham\java\NetBeans-20\netbeans\apisupport
                            D:\Student\shubham\java\NetBeans-20\netbeans\webcommon
                            D:\Student\shubham\java\NetBeans-20\netbeans\websvccommon
                            D:\Student\shubham\java\NetBeans-20\netbeans\enterprise
                            D:\Student\shubham\java\NetBeans-20\netbeans\profiler
                            D:\Student\shubham\java\NetBeans-20\netbeans\php
                            D:\Student\shubham\java\NetBeans-20\netbeans\harness
                            D:\Student\shubham\java\NetBeans-20\netbeans\cpplite
                            D:\Student\shubham\java\NetBeans-20\netbeans\groovy
                            D:\Student\shubham\java\NetBeans-20\netbeans\javafx
                            D:\Student\shubham\java\NetBeans-20\netbeans\platform
  Boot & Ext. Classpath   = 
  Application Classpath   = D:\Student\shubham\java\NetBeans-20\netbeans\platform\lib\boot.jar;D:\Student\shubham\java\NetBeans-20\netbeans\platform\lib\org-openide-modules.jar;D:\Student\shubham\java\NetBeans-20\netbeans\platform\lib\org-openide-util-lookup.jar;D:\Student\shubham\java\NetBeans-20\netbeans\platform\lib\org-openide-util-ui.jar;D:\Student\shubham\java\NetBeans-20\netbeans\platform\lib\org-openide-util.jar
  Startup Classpath       = D:\Student\shubham\java\NetBeans-20\netbeans\platform\core\asm-9.5.jar;D:\Student\shubham\java\NetBeans-20\netbeans\platform\core\asm-commons-9.5.jar;D:\Student\shubham\java\NetBeans-20\netbeans\platform\core\asm-tree-9.5.jar;D:\Student\shubham\java\NetBeans-20\netbeans\platform\core\core-base.jar;D:\Student\shubham\java\NetBeans-20\netbeans\platform\core\core.jar;D:\Student\shubham\java\NetBeans-20\netbeans\platform\core\org-netbeans-libs-asm.jar;D:\Student\shubham\java\NetBeans-20\netbeans\platform\core\org-openide-filesystems-compat8.jar;D:\Student\shubham\java\NetBeans-20\netbeans\platform\core\org-openide-filesystems.jar;D:\Student\shubham\java\NetBeans-20\netbeans\nb\core\org-netbeans-upgrader.jar;D:\Student\shubham\java\NetBeans-20\netbeans\nb\core\locale\core_nb.jar
-------------------------------------------------------------------------------
INFO [org.netbeans.modules.netbinox]: Install area set to file:/D:/Student/shubham/java/NetBeans-20/netbeans/
WARNING [org.netbeans.core.modules]: the modules [org.netbeans.modules.xml.text] use org.netbeans.modules.editor.deprecated.pre65formatting which is deprecated.
WARNING [org.netbeans.core.modules]: the modules [org.netbeans.modules.ide.kit, org.netbeans.modules.xml.text] use org.netbeans.modules.editor.structure which is deprecated.
Custom UI class com.formdev.flatlaf.FlatLightLaf not found.
INFO [org.netbeans.core.startup.NbEvents]: Turning on modules:
	slf4j.jdk14 [1.7.36 1.7.36]
	slf4j.api [1.7.36 1.7.36]
	org.openide.util.lookup [8.56 20-91f9ed846ac143b52d50b5ea323a42c2f7e78392]
	org.openide.util [9.30 20-91f9ed846ac143b52d50b5ea323a42c2f7e78392]
	org.openide.util.ui [9.31 20-91f9ed846ac143b52d50b5ea323a42c2f7e78392]
	org.openide.modules [7.70 20-91f9ed846ac143b52d50b5ea323a42c2f7e78392]
	org.netbeans.api.annotations.common/1 [1.50 20-91f9ed846ac143b52d50b5ea323a42c2f7e78392]
	org.openide.filesystems [9.35 20-91f9ed846ac143b52d50b5ea323a42c2f7e78392]
	org.openide.awt [7.90 20-91f9ed846ac143b52d50b5ea323a42c2f7e78392]
	org.netbeans.api.progress/1 [1.70 20-91f9ed846ac143b52d50b5ea323a42c2f7e78392]
	org.netbeans.api.progress.nb [1.70 20-91f9ed846ac143b52d50b5ea323a42c2f7e78392]
	org.openide.dialogs [7.68 20-91f9ed846ac143b52d50b5ea323a42c2f7e78392]
	org.openide.nodes [7.67 20-91f9ed846ac143b52d50b5ea323a42c2f7e78392]
	org.openide.windows [6.99 20-91f9ed846ac143b52d50b5ea323a42c2f7e78392]
	org.netbeans.libs.batik.read [1.17.0.1 1 20-91f9ed846ac143b52d50b5ea323a42c2f7e78392]
	org.openide.util.ui.svg [1.16 20-91f9ed846ac143b52d50b5ea323a42c2f7e78392]
	org.netbeans.modules.editor.mimelookup/1 [1.62 20-91f9ed846ac143b52d50b5ea323a42c2f7e78392]
	org.openide.text [6.90 20-91f9ed846ac143b52d50b5ea323a42c2f7e78392]
	org.netbeans.api.scripting [1.19 20-91f9ed846ac143b52d50b5ea323a42c2f7e78392]
	org.netbeans.swing.tabcontrol [1.79 20-91f9ed846ac143b52d50b5ea323a42c2f7e78392]
	org.netbeans.swing.outline [1.56 20-91f9ed846ac143b52d50b5ea323a42c2f7e78392]
	org.openide.explorer [6.84 20-91f9ed846ac143b52d50b5ea323a42c2f7e78392]
	org.openide.actions [6.61 20-91f9ed846ac143b52d50b5ea323a42c2f7e78392]
	org.netbeans.modules.queries/1 [1.65 20-91f9ed846ac143b52d50b5ea323a42c2f7e78392]
	org.netbeans.api.templates [1.30 20-91f9ed846ac143b52d50b5ea323a42c2f7e78392]
	org.openide.filesystems.nb [9.32 20-91f9ed846ac143b52d50b5ea323a42c2f7e78392]
	org.openide.loaders [7.92 20-91f9ed846ac143b52d50b5ea323a42c2f7e78392]
	org.netbeans.api.intent [1.24 20-91f9ed846ac143b52d50b5ea323a42c2f7e78392]
	org.netbeans.api.io [1.25 20-91f9ed846ac143b52d50b5ea323a42c2f7e78392]
	org.openide.io [1.71 20-91f9ed846ac143b52d50b5ea323a42c2f7e78392]
	org.openide.filesystems.compat8 [9.31 20-91f9ed846ac143b52d50b5ea323a42c2f7e78392]
	org.openide.execution [9.25 20-91f9ed846ac143b52d50b5ea323a42c2f7e78392]
	org.netbeans.upgrader [4.57 20-91f9ed846ac143b52d50b5ea323a42c2f7e78392]
	org.netbeans.swing.plaf [1.64 20-91f9ed846ac143b52d50b5ea323a42c2f7e78392]
	org.netbeans.modules.keyring [1.46 20-91f9ed846ac143b52d50b5ea323a42c2f7e78392]
	org.netbeans.libs.asm [5.25 20-91f9ed846ac143b52d50b5ea323a42c2f7e78392]
	org.netbeans.bootstrap/1 [2.101 20-91f9ed846ac143b52d50b5ea323a42c2f7e78392]
	org.netbeans.core.startup.base [1.84.0.1 1 20-91f9ed846ac143b52d50b5ea323a42c2f7e78392]
	org.netbeans.core.startup/1 [1.85.0.1 20-91f9ed846ac143b52d50b5ea323a42c2f7e78392]
	org.netbeans.modules.sampler [1.36 20-91f9ed846ac143b52d50b5ea323a42c2f7e78392]
	org.netbeans.core/2 [3.73 20-91f9ed846ac143b52d50b5ea323a42c2f7e78392]
	org.netbeans.spi.quicksearch [1.49 20-91f9ed846ac143b52d50b5ea323a42c2f7e78392]
	org.netbeans.modules.options.api/1 [1.67 20-91f9ed846ac143b52d50b5ea323a42c2f7e78392]
	org.netbeans.libs.flatlaf/1 [1.16 3.2.5 20-91f9ed846ac143b52d50b5ea323a42c2f7e78392]
	org.netbeans.swing.laf.flatlaf [1.15 20-91f9ed846ac143b52d50b5ea323a42c2f7e78392]
	org.netbeans.swing.laf.dark/1 [2.17.0.2 2 20-91f9ed846ac143b52d50b5ea323a42c2f7e78392]
	org.netbeans.modules.projectapi/1 [1.93 20-91f9ed846ac143b52d50b5ea323a42c2f7e78392]
	org.netbeans.swing.dirchooser [1.51 20-91f9ed846ac143b52d50b5ea323a42c2f7e78392]
	org.netbeans.spi.viewmodel/2 [1.73 20-91f9ed846ac143b52d50b5ea323a42c2f7e78392]
	org.netbeans.spi.tasklist/1 [1.57.0.1 1 20-91f9ed846ac143b52d50b5ea323a42c2f7e78392]
	org.netbeans.spi.palette/1 [1.68 20-91f9ed846ac143b52d50b5ea323a42c2f7e78392]
	org.netbeans.spi.navigator/1 [1.60 20-91f9ed846ac143b52d50b5ea323a42c2f7e78392]
	org.netbeans.modules.editor.settings/1 [1.79 20-91f9ed846ac143b52d50b5ea323a42c2f7e78392]
	org.netbeans.modules.editor.util/1 [1.87 20-91f9ed846ac143b52d50b5ea323a42c2f7e78392]
	org.netbeans.modules.editor.document [1.31.0.3 3 20-91f9ed846ac143b52d50b5ea323a42c2f7e78392]
	org.netbeans.modules.lexer/2 [1.85.0.1 1 20-91f9ed846ac143b52d50b5ea323a42c2f7e78392]
	org.netbeans.modules.editor.lib2/1 [2.42.0.55.3 55 20-91f9ed846ac143b52d50b5ea323a42c2f7e78392]
	org.netbeans.api.lsp/1 [1.20 20-91f9ed846ac143b52d50b5ea323a42c2f7e78392]
	org.netbeans.modules.editor.settings.lib [1.73.0.1 1 20-91f9ed846ac143b52d50b5ea323a42c2f7e78392]
	org.netbeans.modules.editor.fold/1 [1.67 20-91f9ed846ac143b52d50b5ea323a42c2f7e78392]
	org.netbeans.modules.editor.indent/2 [1.65 20-91f9ed846ac143b52d50b5ea323a42c2f7e78392]
	org.netbeans.modules.editor.guards/1 [1.55 20-91f9ed846ac143b52d50b5ea323a42c2f7e78392]
	org.netbeans.modules.editor.lib/3 [4.29.0.23.3.55 23 20-91f9ed846ac143b52d50b5ea323a42c2f7e78392]
	org.netbeans.spi.editor.hints/0 [1.64.0.8.55 8 20-91f9ed846ac143b52d50b5ea323a42c2f7e78392]
	org.netbeans.modules.projectuiapi.base/1 [1.108.0.9 9 20-91f9ed846ac143b52d50b5ea323a42c2f7e78392]
	org.netbeans.modules.projectuiapi/1 [1.111.0.8 8 20-91f9ed846ac143b52d50b5ea323a42c2f7e78392]
	org.netbeans.modules.editor.tools.storage [1.30 20-91f9ed846ac143b52d50b5ea323a42c2f7e78392]
	org.netbeans.modules.options.keymap [1.59 20-91f9ed846ac143b52d50b5ea323a42c2f7e78392]
	org.netbeans.modules.editor.settings.storage/1 [1.74.0.1 20-91f9ed846ac143b52d50b5ea323a42c2f7e78392]
	org.netbeans.modules.editor.fold.nbui [1.34.0.55 20-91f9ed846ac143b52d50b5ea323a42c2f7e78392]
	org.netbeans.modules.editor/3 [1.109.0.6.3.23.55 6 20-91f9ed846ac143b52d50b5ea323a42c2f7e78392]
	org.netbeans.modules.options.editor/1 [1.82 20-91f9ed846ac143b52d50b5ea323a42c2f7e78392]
	org.netbeans.spi.editor.hints.projects [1.33.0.1.8 1 20-91f9ed846ac143b52d50b5ea323a42c2f7e78392]
	org.netbeans.api.debugger/1 [1.77 20-91f9ed846ac143b52d50b5ea323a42c2f7e78392]
	org.netbeans.spi.debugger.ui/1 [2.80 20-91f9ed846ac143b52d50b5ea323a42c2f7e78392]
	org.netbeans.core.multiview/1 [1.66 20-91f9ed846ac143b52d50b5ea323a42c2f7e78392]
	org.netbeans.api.xml/1 [1.66 20-91f9ed846ac143b52d50b5ea323a42c2f7e78392]
	org.netbeans.modules.xml.core/2 [1.65.0.4 4 20-91f9ed846ac143b52d50b5ea323a42c2f7e78392]
	org.netbeans.modules.xml.xam/1 [1.54.0.1 1 20-91f9ed846ac143b52d50b5ea323a42c2f7e78392]
	org.netbeans.api.xml.ui/1 [1.66 20-91f9ed846ac143b52d50b5ea323a42c2f7e78392]
	org.apache.xml.resolver [1.53.0.12 12 20-91f9ed846ac143b52d50b5ea323a42c2f7e78392]
	org.netbeans.modules.xml.retriever/1 [1.53 20-91f9ed846ac143b52d50b5ea323a42c2f7e78392]
	org.netbeans.modules.xml.schema.model/1 [1.54.0.1 1 20-91f9ed846ac143b52d50b5ea323a42c2f7e78392]
	org.netbeans.modules.xml.axi [1.55 20-91f9ed846ac143b52d50b5ea323a42c2f7e78392]
	org.netbeans.modules.editor.indent.support [1.64 20-91f9ed846ac143b52d50b5ea323a42c2f7e78392]
	org.netbeans.api.java.classpath/1 [1.76 20-91f9ed846ac143b52d50b5ea323a42c2f7e78392]
	org.netbeans.libs.lucene/3 [3.41 20-91f9ed846ac143b52d50b5ea323a42c2f7e78392]
	org.netbeans.modules.masterfs/2 [2.77.0.2 2 20-91f9ed846ac143b52d50b5ea323a42c2f7e78392]
	org.netbeans.modules.parsing.lucene/2 [2.58.0.1 1 20-91f9ed846ac143b52d50b5ea323a42c2f7e78392]
	org.netbeans.modules.parsing.api/1 [9.29.0.8 8 20-91f9ed846ac143b52d50b5ea323a42c2f7e78392]
	org.netbeans.modules.editor.breadcrumbs/0 [1.39 20-91f9ed846ac143b52d50b5ea323a42c2f7e78392]
	org.netbeans.modules.editor.bracesmatching/0 [1.61.0.55 20-91f9ed846ac143b52d50b5ea323a42c2f7e78392]
	org.netbeans.modules.editor.deprecated.pre65formatting/0 [1.53.0.1.6.23.55 1 20-91f9ed846ac143b52d50b5ea323a42c2f7e78392]
	org.netbeans.modules.editor.errorstripe.api/1 [2.54.0.1 1 20-91f9ed846ac143b52d50b5ea323a42c2f7e78392]
	org.netbeans.modules.editor.errorstripe/2 [2.56.0.1.1 1 20-91f9ed846ac143b52d50b5ea323a42c2f7e78392]
	org.netbeans.modules.editor.completion/1 [1.67.0.2 2 20-91f9ed846ac143b52d50b5ea323a42c2f7e78392]
	org.netbeans.modules.editor.codetemplates/1 [1.66.0.1 1 20-91f9ed846ac143b52d50b5ea323a42c2f7e78392]
	org.netbeans.modules.editor.actions/1 [1.53.0.55 20-91f9ed846ac143b52d50b5ea323a42c2f7e78392]
	org.netbeans.modules.project.indexingbridge [1.39 20-91f9ed846ac143b52d50b5ea323a42c2f7e78392]
	org.netbeans.modules.parsing.indexing [9.31.0.1.3.8 1 20-91f9ed846ac143b52d50b5ea323a42c2f7e78392]
	org.netbeans.modules.diff/1 [1.73.0.42.1 42 20-91f9ed846ac143b52d50b5ea323a42c2f7e78392]
	org.netbeans.modules.refactoring.api [1.69.0.1 1 20-91f9ed846ac143b52d50b5ea323a42c2f7e78392]
	org.netbeans.modules.csl.types/1 [1.22 20-91f9ed846ac143b52d50b5ea323a42c2f7e78392]
	org.netbeans.core.ui/1 [1.67 20-91f9ed846ac143b52d50b5ea323a42c2f7e78392]
	org.netbeans.api.search [1.43 20-91f9ed846ac143b52d50b5ea323a42c2f7e78392]
	org.netbeans.modules.jumpto/1 [1.77.0.1 1 20-91f9ed846ac143b52d50b5ea323a42c2f7e78392]
	org.netbeans.modules.csl.api/2 [2.80.0.2.1.1.8.1 2 20-91f9ed846ac143b52d50b5ea323a42c2f7e78392]
	org.netbeans.modules.editor.structure/1 [1.69.0.1 1 20-91f9ed846ac143b52d50b5ea323a42c2f7e78392]
	org.netbeans.modules.xml.lexer [1.52 20-91f9ed846ac143b52d50b5ea323a42c2f7e78392]
	org.netbeans.modules.xml.text/2 [1.81.0.1 1 20-91f9ed846ac143b52d50b5ea323a42c2f7e78392]
	org.netbeans.modules.xml [1.55 20-91f9ed846ac143b52d50b5ea323a42c2f7e78392]
	org.netbeans.core.ide/1 [1.63 20-91f9ed846ac143b52d50b5ea323a42c2f7e78392]
	org.netbeans.modules.servletapi/1 [1.61 20-91f9ed846ac143b52d50b5ea323a42c2f7e78392]
	org.netbeans.modules.httpserver/2 [2.58.0.43 43 20-91f9ed846ac143b52d50b5ea323a42c2f7e78392]
	org.netbeans.modules.xsl/1 [1.66 20-91f9ed846ac143b52d50b5ea323a42c2f7e78392]
	org.netbeans.modules.xml.xdm/1 [1.56.0.1 1 20-91f9ed846ac143b52d50b5ea323a42c2f7e78392]
	org.netbeans.libs.xerces/1 [1.60.0.281 281 20-91f9ed846ac143b52d50b5ea323a42c2f7e78392]
	org.netbeans.modules.xml.tax/2 [1.66.0.281 20-91f9ed846ac143b52d50b5ea323a42c2f7e78392]
	org.netbeans.modules.xml.tools/2 [1.65 20-91f9ed846ac143b52d50b5ea323a42c2f7e78392]
	org.netbeans.modules.xml.schema.completion [1.53 20-91f9ed846ac143b52d50b5ea323a42c2f7e78392]
	org.netbeans.modules.xml.catalog/2 [3.26.0.4 4 20-91f9ed846ac143b52d50b5ea323a42c2f7e78392]
	org.netbeans.modules.xml.catalog.ui [2.25.0.4 20-91f9ed846ac143b52d50b5ea323a42c2f7e78392]
	org.netbeans.core.execution/1 [1.64 20-91f9ed846ac143b52d50b5ea323a42c2f7e78392]
	org.netbeans.modules.sendopts/2 [2.58 20-91f9ed846ac143b52d50b5ea323a42c2f7e78392]
	org.netbeans.modules.favorites/1 [1.68 20-91f9ed846ac143b52d50b5ea323a42c2f7e78392]
	org.netbeans.modules.projectui [1.81.0.8.9 20-91f9ed846ac143b52d50b5ea323a42c2f7e78392]
	org.netbeans.modules.welcome/1 [1.64 20-91f9ed846ac143b52d50b5ea323a42c2f7e78392]
	org.netbeans.libs.json_simple/1 [0.34 20-91f9ed846ac143b52d50b5ea323a42c2f7e78392]
	org.netbeans.modules.web.common [1.121 20-91f9ed846ac143b52d50b5ea323a42c2f7e78392]
	org.netbeans.modules.web.indent [1.42 20-91f9ed846ac143b52d50b5ea323a42c2f7e78392]
	org.netbeans.modules.extexecution.base/2 [1.28 20-91f9ed846ac143b52d50b5ea323a42c2f7e78392]
	org.netbeans.modules.extexecution/2 [1.71 20-91f9ed846ac143b52d50b5ea323a42c2f7e78392]
	org.netbeans.modules.web.common.ui [1.23 20-91f9ed846ac143b52d50b5ea323a42c2f7e78392]
	org.netbeans.modules.gsf.testrunner/2 [2.34 20-91f9ed846ac143b52d50b5ea323a42c2f7e78392]
	org.netbeans.modules.gsf.testrunner.ui [1.37.0.1 20-91f9ed846ac143b52d50b5ea323a42c2f7e78392]
	org.netbeans.modules.gototest/1 [1.55 20-91f9ed846ac143b52d50b5ea323a42c2f7e78392]
	org.netbeans.modules.project.libraries/1 [1.75 20-91f9ed846ac143b52d50b5ea323a42c2f7e78392]
	org.netbeans.modules.project.libraries.ui/1 [1.74 20-91f9ed846ac143b52d50b5ea323a42c2f7e78392]
	org.netbeans.modules.html.indexing [1.14 20-91f9ed846ac143b52d50b5ea323a42c2f7e78392]
	org.netbeans.modules.extbrowser/1 [1.75 20-91f9ed846ac143b52d50b5ea323a42c2f7e78392]
	org.netbeans.modules.settings/1 [1.71 20-91f9ed846ac143b52d50b5ea323a42c2f7e78392]
	org.netbeans.modules.web.browser.api [1.67 20-91f9ed846ac143b52d50b5ea323a42c2f7e78392]
	org.netbeans.modules.gsf.codecoverage [1.54 20-91f9ed846ac143b52d50b5ea323a42c2f7e78392]
	org.netbeans.modules.project.spi.intern [1.25 20-91f9ed846ac143b52d50b5ea323a42c2f7e78392]
	org.netbeans.modules.project.ant/1 [1.89 20-91f9ed846ac143b52d50b5ea323a42c2f7e78392]
	org.netbeans.modules.web.clientproject.api [1.126 20-91f9ed846ac143b52d50b5ea323a42c2f7e78392]
	org.netbeans.modules.versioning.core/1 [1.53.0.1.42 1 20-91f9ed846ac143b52d50b5ea323a42c2f7e78392]
	org.netbeans.modules.versioning/1 [1.69.0.1 1 20-91f9ed846ac143b52d50b5ea323a42c2f7e78392]
	org.netbeans.modules.spellchecker.apimodule [1.47 20-91f9ed846ac143b52d50b5ea323a42c2f7e78392]
	org.netbeans.modules.versioning.util [1.92.0.42.1 20-91f9ed846ac143b52d50b5ea323a42c2f7e78392]
	org.netbeans.modules.team.commons [1.72 20-91f9ed846ac143b52d50b5ea323a42c2f7e78392]
	org.netbeans.modules.versioning.ui/1 [1.44.0.42.1 20-91f9ed846ac143b52d50b5ea323a42c2f7e78392]
	org.netbeans.modules.autoupdate.services [1.78 20-91f9ed846ac143b52d50b5ea323a42c2f7e78392]
	org.netbeans.modules.autoupdate.ui [1.68 20-91f9ed846ac143b52d50b5ea323a42c2f7e78392]
	org.netbeans.modules.versioning.system.cvss.installer [1.38 20-91f9ed846ac143b52d50b5ea323a42c2f7e78392]
	org.netbeans.modules.masterfs.ui [2.25.0.2 20-91f9ed846ac143b52d50b5ea323a42c2f7e78392]
	org.netbeans.modules.versioning.masterfs [1.36 20-91f9ed846ac143b52d50b5ea323a42c2f7e78392]
	org.netbeans.modules.versioning.indexingbridge/0 [1.47 20-91f9ed846ac143b52d50b5ea323a42c2f7e78392]
	org.netbeans.modules.utilities/1 [1.83 20-91f9ed846ac143b52d50b5ea323a42c2f7e78392]
	org.netbeans.modules.utilities.project/1 [1.60 20-91f9ed846ac143b52d50b5ea323a42c2f7e78392]
	org.netbeans.modules.javahelp/1 [2.63 20-91f9ed846ac143b52d50b5ea323a42c2f7e78392]
	org.netbeans.modules.usersguide/1 [1.70 20-91f9ed846ac143b52d50b5ea323a42c2f7e78392]
	org.netbeans.modules.updatecenters/1 [1.62 20-91f9ed846ac143b52d50b5ea323a42c2f7e78392]
	org.netbeans.libs.jcodings/1 [0.11 20-91f9ed846ac143b52d50b5ea323a42c2f7e78392]
	com.google.gson [2.8.9 2.8.9]
	org.netbeans.modules.textmate.lexer/0 [1.22.0.1 1 20-91f9ed846ac143b52d50b5ea323a42c2f7e78392]
	org.netbeans.modules.terminal [1.49 20-91f9ed846ac143b52d50b5ea323a42c2f7e78392]
	org.netbeans.lib.terminalemulator [1.59 20-91f9ed846ac143b52d50b5ea323a42c2f7e78392]
	org.netbeans.modules.terminal.nb [1.22 20-91f9ed846ac143b52d50b5ea323a42c2f7e78392]
	org.netbeans.modules.templates/1 [1.29 20-91f9ed846ac143b52d50b5ea323a42c2f7e78392]
	org.netbeans.modules.team.ide [1.35 20-91f9ed846ac143b52d50b5ea323a42c2f7e78392]
	org.netbeans.modules.tasklist.ui/1 [1.53.0.1.1 1 20-91f9ed846ac143b52d50b5ea323a42c2f7e78392]
	org.netbeans.modules.tasklist.todo/1 [1.53.0.1 1 20-91f9ed846ac143b52d50b5ea323a42c2f7e78392]
	org.netbeans.modules.tasklist.projectint/1 [1.51 20-91f9ed846ac143b52d50b5ea323a42c2f7e78392]
	org.netbeans.modules.tasklist.kit [1.50 20-91f9ed846ac143b52d50b5ea323a42c2f7e78392]
	org.netbeans.libs.ini4j/1 [1.56 20-91f9ed846ac143b52d50b5ea323a42c2f7e78392]
	org.netbeans.libs.svnClientAdapter/1 [1.62 20-91f9ed846ac143b52d50b5ea323a42c2f7e78392]
	org.netbeans.modules.subversion [1.63.0.42.1 20-91f9ed846ac143b52d50b5ea323a42c2f7e78392]
	org.netbeans.modules.editor.plain.lib/1 [1.55 20-91f9ed846ac143b52d50b5ea323a42c2f7e78392]
	org.netbeans.modules.spellchecker [1.57.0.1.8 1 20-91f9ed846ac143b52d50b5ea323a42c2f7e78392]
	org.netbeans.modules.spellchecker.kit [1.47 20-91f9ed846ac143b52d50b5ea323a42c2f7e78392]
	org.netbeans.modules.spellchecker.dictionary_en [1.44 20-91f9ed846ac143b52d50b5ea323a42c2f7e78392]
	org.netbeans.modules.properties/1 [1.77 20-91f9ed846ac143b52d50b5ea323a42c2f7e78392]
	org.netbeans.modules.properties.syntax/1 [1.72 20-91f9ed846ac143b52d50b5ea323a42c2f7e78392]
	org.netbeans.modules.spellchecker.bindings.properties [1.44 20-91f9ed846ac143b52d50b5ea323a42c2f7e78392]
	org.netbeans.modules.html.lexer/1 [1.60 20-91f9ed846ac143b52d50b5ea323a42c2f7e78392]
	org.netbeans.modules.spellchecker.bindings.htmlxml [1.49 20-91f9ed846ac143b52d50b5ea323a42c2f7e78392]
	org.netbeans.modules.server/0 [1.55 20-91f9ed846ac143b52d50b5ea323a42c2f7e78392]
	org.netbeans.modules.selenium2.server [1.25 20-91f9ed846ac143b52d50b5ea323a42c2f7e78392]
	org.netbeans.modules.selenium2 [1.27 20-91f9ed846ac143b52d50b5ea323a42c2f7e78392]
	org.netbeans.modules.selenium2.webclient [1.29 20-91f9ed846ac143b52d50b5ea323a42c2f7e78392]
	org.netbeans.modules.projectapi.nb [1.26 20-91f9ed846ac143b52d50b5ea323a42c2f7e78392]
	org.netbeans.modules.project.spi.intern.impl [1.25 20-91f9ed846ac143b52d50b5ea323a42c2f7e78392]
	org.netbeans.modules.progress.ui [1.55 20-91f9ed846ac143b52d50b5ea323a42c2f7e78392]
	org.netbeans.modules.print.editor [7.48 20-91f9ed846ac143b52d50b5ea323a42c2f7e78392]
	org.netbeans.modules.print [7.48 20-91f9ed846ac143b52d50b5ea323a42c2f7e78392]
	org.netbeans.modules.parsing.ui [1.36.0.1 20-91f9ed846ac143b52d50b5ea323a42c2f7e78392]
	org.netbeans.modules.parsing.nb [1.26.0.8.1 20-91f9ed846ac143b52d50b5ea323a42c2f7e78392]
	org.netbeans.core.windows/2 [2.107 20-91f9ed846ac143b52d50b5ea323a42c2f7e78392]
	org.netbeans.modules.notifications [1.30 20-91f9ed846ac143b52d50b5ea323a42c2f7e78392]
	org.netbeans.libs.osgi [1.44 20-91f9ed846ac143b52d50b5ea323a42c2f7e78392]
	org.netbeans.core.netigso [1.53 20-91f9ed846ac143b52d50b5ea323a42c2f7e78392]
	org.netbeans.modules.netbinox [1.63 20-91f9ed846ac143b52d50b5ea323a42c2f7e78392]
	org.netbeans.modules.nativeimage.api/0 [0.14 20-91f9ed846ac143b52d50b5ea323a42c2f7e78392]
	org.eclipse.mylyn.commons.net [3.17.0 3.17.0.v20150706-2057]
	org.eclipse.mylyn.tasks.core [3.17.0 3.17.0.v20150828-2026]
	org.eclipse.core.jobs [3.5.100 3.5.100.v20110404]
	org.eclipse.mylyn.wikitext.core [2.6.0 2.6.0.v20150901-2143]
	org.netbeans.modules.bugtracking [1.131 20-91f9ed846ac143b52d50b5ea323a42c2f7e78392]
	org.eclipse.equinox.common [3.6.0 3.6.0.v20110523]
	org.eclipse.core.runtime [3.7.0 3.7.0.v20110110]
	org.netbeans.modules.mylyn.util [1.58 20-91f9ed846ac143b52d50b5ea323a42c2f7e78392]
	org.netbeans.modules.mercurial [1.64.0.42.1 20-91f9ed846ac143b52d50b5ea323a42c2f7e78392]
	org.netbeans.libs.jna/2 [2.17 20-91f9ed846ac143b52d50b5ea323a42c2f7e78392]
	org.netbeans.modules.masterfs.windows [1.38 20-91f9ed846ac143b52d50b5ea323a42c2f7e78392]
	org.netbeans.modules.masterfs.nio2 [1.37 20-91f9ed846ac143b52d50b5ea323a42c2f7e78392]
	org.netbeans.libs.flexmark [1.15 20-91f9ed846ac143b52d50b5ea323a42c2f7e78392]
	org.netbeans.modules.markdown [1.10 20-91f9ed846ac143b52d50b5ea323a42c2f7e78392]
	com.google.guava [32.1.2 32.1.2.jre]
	org.netbeans.modules.lsp.client/0 [1.23.0.1.1 1 20-91f9ed846ac143b52d50b5ea323a42c2f7e78392]
	org.netbeans.modules.bugtracking.commons [1.30 20-91f9ed846ac143b52d50b5ea323a42c2f7e78392]
	org.netbeans.modules.localtasks [1.47 20-91f9ed846ac143b52d50b5ea323a42c2f7e78392]
	org.netbeans.modules.localhistory [1.56 20-91f9ed846ac143b52d50b5ea323a42c2f7e78392]
	org.netbeans.modules.lexer.nbbridge/1 [1.54.0.1 20-91f9ed846ac143b52d50b5ea323a42c2f7e78392]
	org.netbeans.libs.antlr4.runtime/2 [1.23.0.1 1 20-91f9ed846ac143b52d50b5ea323a42c2f7e78392]
	org.netbeans.modules.lexer.antlr4 [1.4.0.1 1 20-91f9ed846ac143b52d50b5ea323a42c2f7e78392]
	org.netbeans.libs.snakeyaml_engine/2 [2.11 20-91f9ed846ac143b52d50b5ea323a42c2f7e78392]
	org.netbeans.modules.languages.yaml [2.54 20-91f9ed846ac143b52d50b5ea323a42c2f7e78392]
	org.netbeans.libs.tomlj/1 [1.4 20-91f9ed846ac143b52d50b5ea323a42c2f7e78392]
	org.netbeans.modules.languages.toml [1.4 20-91f9ed846ac143b52d50b5ea323a42c2f7e78392]
	org.netbeans.modules.languages.manifest [1.54 20-91f9ed846ac143b52d50b5ea323a42c2f7e78392]
	org.netbeans.modules.languages.hcl [1.2 20-91f9ed846ac143b52d50b5ea323a42c2f7e78392]
	org.netbeans.modules.go.lang [1.3 20-91f9ed846ac143b52d50b5ea323a42c2f7e78392]
	org.netbeans.modules.languages.go [1.2 20-91f9ed846ac143b52d50b5ea323a42c2f7e78392]
	org.netbeans.modules.languages.diff [1.55 20-91f9ed846ac143b52d50b5ea323a42c2f7e78392]
	org.netbeans.modules.keyring.fallback [1.30 20-91f9ed846ac143b52d50b5ea323a42c2f7e78392]
	org.netbeans.modules.keyring.impl [1.46 20-91f9ed846ac143b52d50b5ea323a42c2f7e78392]
	org.netbeans.modules.javascript2.debug/1 [1.40 20-91f9ed846ac143b52d50b5ea323a42c2f7e78392]
	org.netbeans.modules.javascript2.debug.ui/1 [1.25 20-91f9ed846ac143b52d50b5ea323a42c2f7e78392]
	org.netbeans.lib.v8debug/1 [1.38 20-91f9ed846ac143b52d50b5ea323a42c2f7e78392]
	org.netbeans.modules.javascript.v8debug/1 [1.32.0.1 1 20-91f9ed846ac143b52d50b5ea323a42c2f7e78392]
	org.netbeans.modules.javascript.v8debug.ui/1 [1.21.0.1 20-91f9ed846ac143b52d50b5ea323a42c2f7e78392]
	org.netbeans.modules.janitor [1.15 20-91f9ed846ac143b52d50b5ea323a42c2f7e78392]
	org.netbeans.modules.image/1 [1.70 20-91f9ed846ac143b52d50b5ea323a42c2f7e78392]
	org.netbeans.core.multitabs/1 [1.34.0.1 1 20-91f9ed846ac143b52d50b5ea323a42c2f7e78392]
	org.netbeans.modules.editor.bookmarks/1 [1.59 20-91f9ed846ac143b52d50b5ea323a42c2f7e78392]
	com.jcraft.jsch [0.1.72 0.1.72]
	org.netbeans.modules.dlight.nativeexecution [1.61.0.1 1 20-91f9ed846ac143b52d50b5ea323a42c2f7e78392]
	org.netbeans.modules.dlight.terminal [1.45.0.1 1 20-91f9ed846ac143b52d50b5ea323a42c2f7e78392]
	org.netbeans.core.multitabs.project [1.32.0.1.1 1 20-91f9ed846ac143b52d50b5ea323a42c2f7e78392]
	org.netbeans.modules.editor.search [1.47.0.0.55 0 20-91f9ed846ac143b52d50b5ea323a42c2f7e78392]
	org.netbeans.modules.html.editor.lib/3 [3.54 20-91f9ed846ac143b52d50b5ea323a42c2f7e78392]
	org.apache.commons.logging [1.2 1.2]
	org.netbeans.modules.html.parser/1 [1.56.0.1 1 20-91f9ed846ac143b52d50b5ea323a42c2f7e78392]
	org.netbeans.modules.html.validation/1 [1.53 20-91f9ed846ac143b52d50b5ea323a42c2f7e78392]
	org.netbeans.libs.antlr3.runtime [1.43.0.1 1 20-91f9ed846ac143b52d50b5ea323a42c2f7e78392]
	org.netbeans.modules.css.lib/2 [2.2 20-91f9ed846ac143b52d50b5ea323a42c2f7e78392]
	org.netbeans.modules.css.model [1.53 20-91f9ed846ac143b52d50b5ea323a42c2f7e78392]
	org.netbeans.modules.css.editor/1 [1.90 20-91f9ed846ac143b52d50b5ea323a42c2f7e78392]
	org.netbeans.modules.html/1 [1.83 20-91f9ed846ac143b52d50b5ea323a42c2f7e78392]
	org.netbeans.modules.html.editor/2 [2.78 20-91f9ed846ac143b52d50b5ea323a42c2f7e78392]
	org.netbeans.core.output2/1 [1.64 20-91f9ed846ac143b52d50b5ea323a42c2f7e78392]
	org.netbeans.modules.css.visual/3 [3.54 20-91f9ed846ac143b52d50b5ea323a42c2f7e78392]
	org.netbeans.modules.editor.autosave/1 [1.13 20-91f9ed846ac143b52d50b5ea323a42c2f7e78392]
	org.netbeans.modules.editor.kit [1.55 20-91f9ed846ac143b52d50b5ea323a42c2f7e78392]
	org.netbeans.modules.autoupdate.cli [1.36 20-91f9ed846ac143b52d50b5ea323a42c2f7e78392]
	org.netbeans.libs.felix [2.37 20-91f9ed846ac143b52d50b5ea323a42c2f7e78392]
	org.netbeans.modules.core.kit [1.53 20-91f9ed846ac143b52d50b5ea323a42c2f7e78392]
	org.netbeans.modules.defaults/1 [1.53 20-91f9ed846ac143b52d50b5ea323a42c2f7e78392]
	org.netbeans.modules.editor.macros/0 [1.53.0.1.23 1 20-91f9ed846ac143b52d50b5ea323a42c2f7e78392]
	org.netbeans.modules.editor.plain/2 [1.57 20-91f9ed846ac143b52d50b5ea323a42c2f7e78392]
	org.netbeans.modules.ide.kit [1.55 20-91f9ed846ac143b52d50b5ea323a42c2f7e78392]
	org.netbeans.modules.ide.ergonomics [1.49 20-91f9ed846ac143b52d50b5ea323a42c2f7e78392]
	org.netbeans.modules.autoupdate.pluginimporter [1.42 20-91f9ed846ac143b52d50b5ea323a42c2f7e78392]
	org.netbeans.modules.deadlock.detector [1.28 20-91f9ed846ac143b52d50b5ea323a42c2f7e78392]
	org.netbeans.modules.ide.branding/1 [1.54 20-91f9ed846ac143b52d50b5ea323a42c2f7e78392]
	org.netbeans.modules.ide.branding.kit [1.50 20-91f9ed846ac143b52d50b5ea323a42c2f7e78392]
	org.netbeans.libs.commons_net/2 [2.44.0.36 36 20-91f9ed846ac143b52d50b5ea323a42c2f7e78392]
	org.netbeans.modules.hudson [2.35 20-91f9ed846ac143b52d50b5ea323a42c2f7e78392]
	org.netbeans.modules.hudson.ui [1.33 20-91f9ed846ac143b52d50b5ea323a42c2f7e78392]
	org.netbeans.modules.hudson.tasklist [1.39 20-91f9ed846ac143b52d50b5ea323a42c2f7e78392]
	org.netbeans.modules.hudson.subversion [1.51 20-91f9ed846ac143b52d50b5ea323a42c2f7e78392]
	org.netbeans.modules.hudson.mercurial [1.51 20-91f9ed846ac143b52d50b5ea323a42c2f7e78392]
	org.netbeans.modules.hudson.git [1.40 20-91f9ed846ac143b52d50b5ea323a42c2f7e78392]
	org.netbeans.modules.html.custom [1.28 20-91f9ed846ac143b52d50b5ea323a42c2f7e78392]
	org.eclipse.jgit [6.7.0 6.7.0.202309050840-r]
	org.eclipse.jgit.ssh.jsch [6.7.0 6.7.0.202309050840-r]
	org.netbeans.libs.jsch.agentproxy/2 [1.6 20-91f9ed846ac143b52d50b5ea323a42c2f7e78392]
	org.netbeans.libs.git/1 [1.56 20-91f9ed846ac143b52d50b5ea323a42c2f7e78392]
	org.netbeans.modules.git [1.44.0.1 20-91f9ed846ac143b52d50b5ea323a42c2f7e78392]
	org.netbeans.modules.extexecution.process.jdk9 [1.22 20-91f9ed846ac143b52d50b5ea323a42c2f7e78392]
	org.netbeans.modules.extexecution.process [1.49 20-91f9ed846ac143b52d50b5ea323a42c2f7e78392]
	org.netbeans.modules.extexecution.impl [1.47 20-91f9ed846ac143b52d50b5ea323a42c2f7e78392]
	org.netbeans.modules.editor.mimelookup.impl/1 [1.54 20-91f9ed846ac143b52d50b5ea323a42c2f7e78392]
	org.netbeans.modules.editor.indent.project/0 [1.44 20-91f9ed846ac143b52d50b5ea323a42c2f7e78392]
	org.netbeans.modules.editor.global.format/1 [1.37.0.1 1 20-91f9ed846ac143b52d50b5ea323a42c2f7e78392]
	org.netbeans.libs.commons_compress/0 [0.28.0.181 181 20-91f9ed846ac143b52d50b5ea323a42c2f7e78392]
	libs.c.kohlschutter.junixsocket/2 [3.4 20-91f9ed846ac143b52d50b5ea323a42c2f7e78392]
	org.netbeans.modules.docker.api/0 [1.42 20-91f9ed846ac143b52d50b5ea323a42c2f7e78392]
	org.netbeans.modules.docker.ui/0 [1.22 20-91f9ed846ac143b52d50b5ea323a42c2f7e78392]
	org.netbeans.modules.docker.editor/0 [1.22 20-91f9ed846ac143b52d50b5ea323a42c2f7e78392]
	org.netbeans.modules.dlight.nativeexecution.nb [1.22 20-91f9ed846ac143b52d50b5ea323a42c2f7e78392]
	org.netbeans.modules.db.metadata.model/1 [1.33 20-91f9ed846ac143b52d50b5ea323a42c2f7e78392]
	org.netbeans.modules.db/1 [1.91.0.30 30 20-91f9ed846ac143b52d50b5ea323a42c2f7e78392]
	org.netbeans.modules.dbapi [1.56.0.30 20-91f9ed846ac143b52d50b5ea323a42c2f7e78392]
	org.netbeans.modules.derby [1.62 20-91f9ed846ac143b52d50b5ea323a42c2f7e78392]
	org.netbeans.api.visual [2.70 20-91f9ed846ac143b52d50b5ea323a42c2f7e78392]
	org.netbeans.modules.db.sql.visualeditor/1 [2.54.0.30 20-91f9ed846ac143b52d50b5ea323a42c2f7e78392]
	org.netbeans.modules.db.dataview [1.55 20-91f9ed846ac143b52d50b5ea323a42c2f7e78392]
	org.netbeans.modules.db.core [1.59 20-91f9ed846ac143b52d50b5ea323a42c2f7e78392]
	org.netbeans.modules.db.sql.editor [1.59.0.30 20-91f9ed846ac143b52d50b5ea323a42c2f7e78392]
	org.netbeans.modules.db.mysql [0.50.0.2 2 20-91f9ed846ac143b52d50b5ea323a42c2f7e78392]
	org.netbeans.modules.db.drivers [1.52 20-91f9ed846ac143b52d50b5ea323a42c2f7e78392]
	org.netbeans.modules.db.kit [1.52 20-91f9ed846ac143b52d50b5ea323a42c2f7e78392]
	org.netbeans.modules.css.prep [1.52 20-91f9ed846ac143b52d50b5ea323a42c2f7e78392]
	org.eclipse.mylyn.bugzilla.core [3.17.0 3.17.0.v20150828-2026]
	org.apache.commons.httpclient [3.1.0 3.1.0]
	org.netbeans.modules.bugzilla [1.99 20-91f9ed846ac143b52d50b5ea323a42c2f7e78392]
	org.netbeans.modules.bugtracking.bridge [1.67 20-91f9ed846ac143b52d50b5ea323a42c2f7e78392]
	org.netbeans.libs.graalsdk [1.22 20-91f9ed846ac143b52d50b5ea323a42c2f7e78392]
	org.netbeans.libs.truffleapi [1.22 20-91f9ed846ac143b52d50b5ea323a42c2f7e78392]
	org.netbeans.libs.svnClientAdapter.javahl/1 [1.46 20-91f9ed846ac143b52d50b5ea323a42c2f7e78392]
	org.netbeans.libs.jna.platform/2 [2.17 20-91f9ed846ac143b52d50b5ea323a42c2f7e78392]
	org.netbeans.libs.graaljs/2 [1.22 20-91f9ed846ac143b52d50b5ea323a42c2f7e78392]
	org.netbeans.libs.freemarker/1 [2.56.0.239 239 20-91f9ed846ac143b52d50b5ea323a42c2f7e78392]
	org.netbeans.core.network [1.34 20-91f9ed846ac143b52d50b5ea323a42c2f7e78392]
	org.netbeans.core.nativeaccess/1 [1.53 20-91f9ed846ac143b52d50b5ea323a42c2f7e78392]
	org.netbeans.core.io.ui/1 [1.52 20-91f9ed846ac143b52d50b5ea323a42c2f7e78392]
	org.netbeans.core.browser/1 [1.50.0.1 1 20-91f9ed846ac143b52d50b5ea323a42c2f7e78392]
	org.eclipse.mylyn.commons.xmlrpc [3.17.0 3.17.0.v20150625-2042]
	org.eclipse.mylyn.commons.repositories.core [1.9.0 1.9.0.v20150625-2042]
	org.eclipse.mylyn.commons.core [3.17.0 3.17.0.v20150625-2042]
	org.eclipse.equinox.security [1.1.1 1.1.1.R37x_v20110822-1018]
	org.eclipse.equinox.registry [3.5.200 3.5.200.v20120522-1841]
	org.eclipse.equinox.preferences [3.4.2 3.4.2.v20120111-2020]
	org.eclipse.equinox.app [1.3.100 1.3.100.v20110321]
	org.eclipse.core.runtime.compatibility.auth [3.2.200 3.2.200.v20110110]
	org.eclipse.core.net [1.2.100 1.2.100.I20110511-0800]
	org.eclipse.core.contenttype [3.4.100 3.4.100.v20110423-0524]
	org.apache.xmlrpc [3.1.3 3.1.3]
	org.apache.ws.commons.util [1.0.1 1.0.1]
	org.apache.commons.lang [2.6 2.6]
	org.apache.commons.codec [1.15.0 1.15.0]
	com.jcraft.jzlib [1.1.3 1.1.3]
	com.googlecode.javaewah.JavaEWAH [1.1.6 1.1.6]
	com.google.guava.failureaccess [1.0.1 1.0.1]
	bcprov [1.76 1.76]
INFO [org.netbeans.core.netigso.Netigso]: bundle bcpg@1.76.0 resolved
INFO [org.netbeans.core.netigso.Netigso]: bundle bcutil@1.76.0 resolved
INFO [org.netbeans.core.netigso.Netigso]: bundle bcpkix@1.76.0 resolved
INFO [org.netbeans.core.netigso.Netigso]: bundle org.apache.commons.lang3@3.12.0 resolved
INFO [org.netbeans.core.netigso.Netigso]: bundle org.eclipse.jgit.gpg.bc@6.7.0.202309050840-r resolved
INFO [org.netbeans.core.netigso.Netigso]: bundle org.eclipse.mylyn.wikitext.confluence.core@2.6.0.v20150901-2143 resolved
INFO [org.netbeans.core.netigso.Netigso]: bundle org.eclipse.mylyn.wikitext.markdown.core@2.6.0.v20150901-2143 resolved
INFO [org.netbeans.core.netigso.Netigso]: bundle org.eclipse.mylyn.wikitext.textile.core@2.6.0.v20150901-2143 resolved
INFO [org.netbeans.core.netigso.Netigso]: bundle org.eclipse.jgit.lfs@6.7.0.202309050840-r resolved
INFO [org.netbeans.core.netigso.Netigso]: bundle net.java.html.json@1.8.1 resolved
INFO [org.netbeans.core.netigso.Netigso]: bundle org.netbeans.html.ko4j@1.8.1 resolved
INFO [org.netbeans.core.netigso.Netigso]: bundle net.java.html@1.8.1 resolved
INFO [org.netbeans.core.netigso.Netigso]: bundle net.java.html.boot.fx@1.8.1 resolved
INFO [org.netbeans.core.netigso.Netigso]: bundle net.java.html.boot@1.8.1 resolved
INFO [org.netbeans.core.netigso.Netigso]: bundle org.netbeans.html.presenters.spi@1.8.1 resolved
INFO [org.netbeans.core.netigso.Netigso]: bundle org.netbeans.html.xhr4j@1.8.1 resolved
INFO [org.netbeans.core.netigso.Netigso]: bundle net.java.html.boot.script@1.8.1 resolved
INFO [org.netbeans.core.netigso.Netigso]: bundle net.java.html.geo@1.8.1 resolved
INFO [org.netbeans.core.netigso.Netigso]: bundle net.java.html.sound@1.8.1 resolved
INFO [org.netbeans.core.netigso.Netigso]: bundle org.eclipse.osgi@3.9.1.v20140110-1610 started
INFO [org.netbeans.core.network.proxy.NetworkProxyReloader]: System network proxy resolver: Windows
INFO [org.netbeans.core.network.proxy.windows.WindowsNetworkProxy]: Windows system proxy resolver: auto detect
INFO [org.netbeans.core.network.proxy.windows.WindowsNetworkProxy]: Windows system proxy resolver: auto - PAC (http://wpad/wpad.dat)
INFO [org.netbeans.core.network.proxy.NetworkProxyReloader]: System network proxy reloading succeeded.
INFO [org.netbeans.core.network.proxy.ProxyAutoConfig]: PAC script http://wpad/wpad.dat unavailable, proxy disabled
INFO [org.netbeans.core.network.proxy.NetworkProxyReloader]: System network proxy - mode: auto
INFO [org.netbeans.core.network.proxy.NetworkProxyReloader]: System network proxy - pac url: http://wpad/wpad.dat
INFO [org.netbeans.core.network.proxy.NetworkProxyReloader]: System network proxy TEST - http host: 
INFO [org.netbeans.core.network.proxy.NetworkProxyReloader]: System network proxy TEST - http port: 0
INFO [org.netbeans.ui.metrics.laf]: USG_LOOK_AND_FEEL
INFO [org.netbeans.ui.indexing]: Indexing started, time from last indexing 0 ms.
INFO [org.netbeans.ui.indexing]: Indexing finished, indexing took 2 ms.
INFO [org.netbeans.core.netigso.Netigso]: bundle org.eclipse.osgi@3.9.1.v20140110-1610 256
INFO [org.netbeans.core.netigso.Netigso]: bundle org.eclipse.osgi@3.9.1.v20140110-1610 stopped
INFO [null]: Last record repeated again.
